INFO 2026-01-01 17:26:56,049 autoreload 13304 2332 Watching for file changes with StatReloader
WARNING 2026-01-01 17:27:00,997 log 13304 16872 Not Found: /
WARNING 2026-01-01 17:27:00,998 log 13304 16872 "GET / HTTP/1.1" 404 2310
WARNING 2026-01-01 17:27:02,720 log 13304 7440 Not Found: /
WARNING 2026-01-01 17:27:02,721 log 13304 7440 "GET / HTTP/1.1" 404 2310
INFO 2026-01-01 17:27:45,037 autoreload 13304 2332 C:\Users\HP\OneDrive\Desktop\Github_Projects\airline_ticket_booking\airline\airline\urls.py changed, reloading.
INFO 2026-01-01 17:27:46,709 autoreload 8688 17396 Watching for file changes with StatReloader
INFO 2026-01-01 17:28:25,455 autoreload 17268 9824 Watching for file changes with StatReloader
ERROR 2026-01-01 17:28:30,566 log 17268 5300 Internal Server Error: /
Traceback (most recent call last):
  File "C:\Users\HP\OneDrive\Desktop\Github_Projects\airline_ticket_booking\env\Lib\site-packages\django\contrib\sessions\backends\base.py", line 246, in _get_session
    return self._session_cache
           ^^^^^^^^^^^^^^^^^^^
AttributeError: 'SessionStore' object has no attribute '_session_cache'

During handling of the above exception, another exception occurred:

Traceback (most recent call last):
  File "C:\Users\HP\OneDrive\Desktop\Github_Projects\airline_ticket_booking\env\Lib\site-packages\django\db\backends\utils.py", line 105, in _execute
    return self.cursor.execute(sql, params)
           ~~~~~~~~~~~~~~~~~~~^^^^^^^^^^^^^
  File "C:\Users\HP\OneDrive\Desktop\Github_Projects\airline_ticket_booking\env\Lib\site-packages\django\db\backends\sqlite3\base.py", line 359, in execute
    return super().execute(query, params)
           ~~~~~~~~~~~~~~~^^^^^^^^^^^^^^^
sqlite3.OperationalError: no such table: django_session

The above exception was the direct cause of the following exception:

Traceback (most recent call last):
  File "C:\Users\HP\OneDrive\Desktop\Github_Projects\airline_ticket_booking\env\Lib\site-packages\django\core\handlers\exception.py", line 55, in inner
    response = get_response(request)
  File "C:\Users\HP\OneDrive\Desktop\Github_Projects\airline_ticket_booking\env\Lib\site-packages\django\core\handlers\base.py", line 198, in _get_response
    response = wrapped_callback(request, *callback_args, **callback_kwargs)
  File "C:\Users\HP\OneDrive\Desktop\Github_Projects\airline_ticket_booking\airline\bookings\template_views.py", line 14, in flight_list
    return render(request, 'bookings/flight_list.html', {'flights': flights})
  File "C:\Users\HP\OneDrive\Desktop\Github_Projects\airline_ticket_booking\env\Lib\site-packages\django\shortcuts.py", line 25, in render
    content = loader.render_to_string(template_name, context, request, using=using)
  File "C:\Users\HP\OneDrive\Desktop\Github_Projects\airline_ticket_booking\env\Lib\site-packages\django\template\loader.py", line 62, in render_to_string
    return template.render(context, request)
           ~~~~~~~~~~~~~~~^^^^^^^^^^^^^^^^^^
  File "C:\Users\HP\OneDrive\Desktop\Github_Projects\airline_ticket_booking\env\Lib\site-packages\django\template\backends\django.py", line 107, in render
    return self.template.render(context)
           ~~~~~~~~~~~~~~~~~~~~^^^^^^^^^
  File "C:\Users\HP\OneDrive\Desktop\Github_Projects\airline_ticket_booking\env\Lib\site-packages\django\template\base.py", line 174, in render
    return self._render(context)
           ~~~~~~~~~~~~^^^^^^^^^
  File "C:\Users\HP\OneDrive\Desktop\Github_Projects\airline_ticket_booking\env\Lib\site-packages\django\template\base.py", line 166, in _render
    return self.nodelist.render(context)
           ~~~~~~~~~~~~~~~~~~~~^^^^^^^^^
  File "C:\Users\HP\OneDrive\Desktop\Github_Projects\airline_ticket_booking\env\Lib\site-packages\django\template\base.py", line 1091, in render
    return SafeString("".join([node.render_annotated(context) for node in self]))
                               ~~~~~~~~~~~~~~~~~~~~~^^^^^^^^^
  File "C:\Users\HP\OneDrive\Desktop\Github_Projects\airline_ticket_booking\env\Lib\site-packages\django\template\base.py", line 1052, in render_annotated
    return self.render(context)
           ~~~~~~~~~~~^^^^^^^^^
  File "C:\Users\HP\OneDrive\Desktop\Github_Projects\airline_ticket_booking\env\Lib\site-packages\django\template\loader_tags.py", line 160, in render
    return compiled_parent._render(context)
           ~~~~~~~~~~~~~~~~~~~~~~~^^^^^^^^^
  File "C:\Users\HP\OneDrive\Desktop\Github_Projects\airline_ticket_booking\env\Lib\site-packages\django\template\base.py", line 166, in _render
    return self.nodelist.render(context)
           ~~~~~~~~~~~~~~~~~~~~^^^^^^^^^
  File "C:\Users\HP\OneDrive\Desktop\Github_Projects\airline_ticket_booking\env\Lib\site-packages\django\template\base.py", line 1091, in render
    return SafeString("".join([node.render_annotated(context) for node in self]))
                               ~~~~~~~~~~~~~~~~~~~~~^^^^^^^^^
  File "C:\Users\HP\OneDrive\Desktop\Github_Projects\airline_ticket_booking\env\Lib\site-packages\django\template\base.py", line 1052, in render_annotated
    return self.render(context)
           ~~~~~~~~~~~^^^^^^^^^
  File "C:\Users\HP\OneDrive\Desktop\Github_Projects\airline_ticket_booking\env\Lib\site-packages\django\template\defaulttags.py", line 326, in render
    match = condition.eval(context)
  File "C:\Users\HP\OneDrive\Desktop\Github_Projects\airline_ticket_booking\env\Lib\site-packages\django\template\defaulttags.py", line 918, in eval
    return self.value.resolve(context, ignore_failures=True)
           ~~~~~~~~~~~~~~~~~~^^^^^^^^^^^^^^^^^^^^^^^^^^^^^^^
  File "C:\Users\HP\OneDrive\Desktop\Github_Projects\airline_ticket_booking\env\Lib\site-packages\django\template\base.py", line 788, in resolve
    obj = self.var.resolve(context)
  File "C:\Users\HP\OneDrive\Desktop\Github_Projects\airline_ticket_booking\env\Lib\site-packages\django\template\base.py", line 928, in resolve
    value = self._resolve_lookup(context)
  File "C:\Users\HP\OneDrive\Desktop\Github_Projects\airline_ticket_booking\env\Lib\site-packages\django\template\base.py", line 965, in _resolve_lookup
    current = current[bit]
              ~~~~~~~^^^^^
  File "C:\Users\HP\OneDrive\Desktop\Github_Projects\airline_ticket_booking\env\Lib\site-packages\django\utils\functional.py", line 251, in inner
    self._setup()
    ~~~~~~~~~~~^^
  File "C:\Users\HP\OneDrive\Desktop\Github_Projects\airline_ticket_booking\env\Lib\site-packages\django\utils\functional.py", line 404, in _setup
    self._wrapped = self._setupfunc()
                    ~~~~~~~~~~~~~~~^^
  File "C:\Users\HP\OneDrive\Desktop\Github_Projects\airline_ticket_booking\env\Lib\site-packages\django\contrib\auth\middleware.py", line 40, in <lambda>
    request.user = SimpleLazyObject(lambda: get_user(request))
                                            ~~~~~~~~^^^^^^^^^
  File "C:\Users\HP\OneDrive\Desktop\Github_Projects\airline_ticket_booking\env\Lib\site-packages\django\contrib\auth\middleware.py", line 20, in get_user
    request._cached_user = auth.get_user(request)
                           ~~~~~~~~~~~~~^^^^^^^^^
  File "C:\Users\HP\OneDrive\Desktop\Github_Projects\airline_ticket_booking\env\Lib\site-packages\django\contrib\auth\__init__.py", line 311, in get_user
    user_id = _get_user_session_key(request)
  File "C:\Users\HP\OneDrive\Desktop\Github_Projects\airline_ticket_booking\env\Lib\site-packages\django\contrib\auth\__init__.py", line 95, in _get_user_session_key
    return get_user_model()._meta.pk.to_python(request.session[SESSION_KEY])
                                               ~~~~~~~~~~~~~~~^^^^^^^^^^^^^
  File "C:\Users\HP\OneDrive\Desktop\Github_Projects\airline_ticket_booking\env\Lib\site-packages\django\contrib\sessions\backends\base.py", line 55, in __getitem__
    return self._session[key]
           ^^^^^^^^^^^^^
  File "C:\Users\HP\OneDrive\Desktop\Github_Projects\airline_ticket_booking\env\Lib\site-packages\django\contrib\sessions\backends\base.py", line 251, in _get_session
    self._session_cache = self.load()
                          ~~~~~~~~~^^
  File "C:\Users\HP\OneDrive\Desktop\Github_Projects\airline_ticket_booking\env\Lib\site-packages\django\contrib\sessions\backends\db.py", line 55, in load
    s = self._get_session_from_db()
  File "C:\Users\HP\OneDrive\Desktop\Github_Projects\airline_ticket_booking\env\Lib\site-packages\django\contrib\sessions\backends\db.py", line 34, in _get_session_from_db
    return self.model.objects.get(
           ~~~~~~~~~~~~~~~~~~~~~~^
        session_key=self.session_key, expire_date__gt=timezone.now()
        ^^^^^^^^^^^^^^^^^^^^^^^^^^^^^^^^^^^^^^^^^^^^^^^^^^^^^^^^^^^^
    )
    ^
  File "C:\Users\HP\OneDrive\Desktop\Github_Projects\airline_ticket_booking\env\Lib\site-packages\django\db\models\manager.py", line 87, in manager_method
    return getattr(self.get_queryset(), name)(*args, **kwargs)
           ~~~~~~~~~~~~~~~~~~~~~~~~~~~~~~~~~~^^^^^^^^^^^^^^^^^
  File "C:\Users\HP\OneDrive\Desktop\Github_Projects\airline_ticket_booking\env\Lib\site-packages\django\db\models\query.py", line 635, in get
    num = len(clone)
  File "C:\Users\HP\OneDrive\Desktop\Github_Projects\airline_ticket_booking\env\Lib\site-packages\django\db\models\query.py", line 372, in __len__
    self._fetch_all()
    ~~~~~~~~~~~~~~~^^
  File "C:\Users\HP\OneDrive\Desktop\Github_Projects\airline_ticket_booking\env\Lib\site-packages\django\db\models\query.py", line 2000, in _fetch_all
    self._result_cache = list(self._iterable_class(self))
                         ~~~~^^^^^^^^^^^^^^^^^^^^^^^^^^^^
  File "C:\Users\HP\OneDrive\Desktop\Github_Projects\airline_ticket_booking\env\Lib\site-packages\django\db\models\query.py", line 95, in __iter__
    results = compiler.execute_sql(
        chunked_fetch=self.chunked_fetch, chunk_size=self.chunk_size
    )
  File "C:\Users\HP\OneDrive\Desktop\Github_Projects\airline_ticket_booking\env\Lib\site-packages\django\db\models\sql\compiler.py", line 1624, in execute_sql
    cursor.execute(sql, params)
    ~~~~~~~~~~~~~~^^^^^^^^^^^^^
  File "C:\Users\HP\OneDrive\Desktop\Github_Projects\airline_ticket_booking\env\Lib\site-packages\django\db\backends\utils.py", line 122, in execute
    return super().execute(sql, params)
           ~~~~~~~~~~~~~~~^^^^^^^^^^^^^
  File "C:\Users\HP\OneDrive\Desktop\Github_Projects\airline_ticket_booking\env\Lib\site-packages\django\db\backends\utils.py", line 79, in execute
    return self._execute_with_wrappers(
           ~~~~~~~~~~~~~~~~~~~~~~~~~~~^
        sql, params, many=False, executor=self._execute
        ^^^^^^^^^^^^^^^^^^^^^^^^^^^^^^^^^^^^^^^^^^^^^^^
    )
    ^
  File "C:\Users\HP\OneDrive\Desktop\Github_Projects\airline_ticket_booking\env\Lib\site-packages\django\db\backends\utils.py", line 92, in _execute_with_wrappers
    return executor(sql, params, many, context)
  File "C:\Users\HP\OneDrive\Desktop\Github_Projects\airline_ticket_booking\env\Lib\site-packages\django\db\backends\utils.py", line 100, in _execute
    with self.db.wrap_database_errors:
         ^^^^^^^^^^^^^^^^^^^^^^^^^^^^
  File "C:\Users\HP\OneDrive\Desktop\Github_Projects\airline_ticket_booking\env\Lib\site-packages\django\db\utils.py", line 94, in __exit__
    raise dj_exc_value.with_traceback(traceback) from exc_value
  File "C:\Users\HP\OneDrive\Desktop\Github_Projects\airline_ticket_booking\env\Lib\site-packages\django\db\backends\utils.py", line 105, in _execute
    return self.cursor.execute(sql, params)
           ~~~~~~~~~~~~~~~~~~~^^^^^^^^^^^^^
  File "C:\Users\HP\OneDrive\Desktop\Github_Projects\airline_ticket_booking\env\Lib\site-packages\django\db\backends\sqlite3\base.py", line 359, in execute
    return super().execute(query, params)
           ~~~~~~~~~~~~~~~^^^^^^^^^^^^^^^
django.db.utils.OperationalError: no such table: django_session
ERROR 2026-01-01 17:28:30,592 log 17268 5300 "GET / HTTP/1.1" 500 261248
INFO 2026-01-01 17:52:03,195 autoreload 3652 17260 Watching for file changes with StatReloader
INFO 2026-01-01 17:52:30,809 log 3652 10968 "GET / HTTP/1.1" 200 3610
INFO 2026-01-01 17:53:03,932 log 3652 16772 "GET /flights/1/seats/ HTTP/1.1" 200 13212
INFO 2026-01-01 17:53:10,802 log 3652 13068 "GET / HTTP/1.1" 200 3610
INFO 2026-01-01 17:53:12,879 log 3652 13068 "GET /flights/1/seats/ HTTP/1.1" 200 13212
INFO 2026-01-01 17:53:14,169 log 3652 13068 "GET /book/1/ HTTP/1.1" 302 0
WARNING 2026-01-01 17:53:14,190 log 3652 13068 Not Found: /accounts/login/
WARNING 2026-01-01 17:53:14,191 log 3652 13068 "GET /accounts/login/?next=/book/1/ HTTP/1.1" 404 6446
INFO 2026-01-01 17:53:19,576 log 3652 15584 "GET /book/2/ HTTP/1.1" 302 0
WARNING 2026-01-01 17:53:19,598 log 3652 15584 Not Found: /accounts/login/
WARNING 2026-01-01 17:53:19,599 log 3652 15584 "GET /accounts/login/?next=/book/2/ HTTP/1.1" 404 6446
INFO 2026-01-01 17:53:32,880 log 3652 13380 "GET /book/21/ HTTP/1.1" 302 0
WARNING 2026-01-01 17:53:32,900 log 3652 13380 Not Found: /accounts/login/
WARNING 2026-01-01 17:53:32,900 log 3652 13380 "GET /accounts/login/?next=/book/21/ HTTP/1.1" 404 6447
INFO 2026-01-01 17:53:59,692 autoreload 3652 17260 C:\Users\HP\OneDrive\Desktop\Github_Projects\airline_ticket_booking\airline\airline\urls.py changed, reloading.
INFO 2026-01-01 17:54:01,703 autoreload 17044 6820 Watching for file changes with StatReloader
INFO 2026-01-01 17:54:39,279 autoreload 17044 6820 C:\Users\HP\OneDrive\Desktop\Github_Projects\airline_ticket_booking\airline\airline\settings.py changed, reloading.
INFO 2026-01-01 17:54:41,033 autoreload 16172 12256 Watching for file changes with StatReloader
INFO 2026-01-01 17:55:20,545 autoreload 6896 6156 Watching for file changes with StatReloader
INFO 2026-01-01 17:55:26,355 log 6896 16284 "GET /flights/1/seats/ HTTP/1.1" 200 13215
INFO 2026-01-01 17:55:28,732 log 6896 16284 "GET /book/2/ HTTP/1.1" 302 0
INFO 2026-01-01 17:55:28,757 log 6896 16284 "GET /accounts/login/?next=/book/2/ HTTP/1.1" 200 2774
INFO 2026-01-01 17:55:40,582 log 6896 13620 "POST /accounts/login/?next=/book/2/ HTTP/1.1" 200 3104
INFO 2026-01-01 17:55:50,147 log 6896 17244 "POST /accounts/login/?next=/book/2/ HTTP/1.1" 302 0
INFO 2026-01-01 17:55:50,250 log 6896 17244 "GET /book/2/ HTTP/1.1" 200 4249
INFO 2026-01-01 17:56:47,948 services 6896 12924 Creating booking for seat 2 by user anmol
INFO 2026-01-01 17:56:47,977 services 6896 12924 Booking e948616e-fd77-46f1-ac01-fd60d8c1ebd3 created successfully
ERROR 2026-01-01 17:56:47,981 template_views 6896 12924 Booking error: Reverse for 'booking-detail' not found. 'booking-detail' is not a valid view function or pattern name.
INFO 2026-01-01 17:56:47,987 log 6896 12924 "POST /book/2/ HTTP/1.1" 200 4869
INFO 2026-01-01 17:57:14,114 log 6896 8672 "GET /flights/1/seats/ HTTP/1.1" 200 13302
INFO 2026-01-01 17:57:17,416 log 6896 12012 "GET /flights/1/seats/ HTTP/1.1" 200 13302
INFO 2026-01-01 17:57:19,338 log 6896 12012 "GET /my-bookings/ HTTP/1.1" 200 2350
WARNING 2026-01-01 17:57:23,999 log 6896 12012 Method Not Allowed (GET): /accounts/logout/
WARNING 2026-01-01 17:57:24,001 log 6896 12012 "GET /accounts/logout/ HTTP/1.1" 405 0
WARNING 2026-01-01 17:57:26,325 log 6896 12012 Method Not Allowed (GET): /accounts/logout/
WARNING 2026-01-01 17:57:26,327 log 6896 12012 "GET /accounts/logout/ HTTP/1.1" 405 0
WARNING 2026-01-01 17:57:27,287 log 6896 12012 Method Not Allowed (GET): /accounts/logout/
WARNING 2026-01-01 17:57:27,288 log 6896 12012 "GET /accounts/logout/ HTTP/1.1" 405 0
WARNING 2026-01-01 17:57:29,910 log 6896 12012 Method Not Allowed (GET): /accounts/logout/
WARNING 2026-01-01 17:57:29,911 log 6896 12012 "GET /accounts/logout/ HTTP/1.1" 405 0
INFO 2026-01-01 17:57:32,856 log 6896 12012 "GET /booking/1/ HTTP/1.1" 200 4550
ERROR 2026-01-01 17:57:42,410 log 6896 12012 Internal Server Error: /booking/1/pay/
Traceback (most recent call last):
  File "C:\Users\HP\OneDrive\Desktop\Github_Projects\airline_ticket_booking\env\Lib\site-packages\django\core\handlers\exception.py", line 55, in inner
    response = get_response(request)
  File "C:\Users\HP\OneDrive\Desktop\Github_Projects\airline_ticket_booking\env\Lib\site-packages\django\core\handlers\base.py", line 198, in _get_response
    response = wrapped_callback(request, *callback_args, **callback_kwargs)
  File "C:\Users\HP\OneDrive\Desktop\Github_Projects\airline_ticket_booking\env\Lib\site-packages\django\contrib\auth\decorators.py", line 59, in _view_wrapper
    return view_func(request, *args, **kwargs)
  File "C:\Users\HP\OneDrive\Desktop\Github_Projects\airline_ticket_booking\airline\bookings\template_views.py", line 67, in process_booking_payment
    return redirect('booking-detail', booking_id=booking.id)
  File "C:\Users\HP\OneDrive\Desktop\Github_Projects\airline_ticket_booking\env\Lib\site-packages\django\shortcuts.py", line 51, in redirect
    resolve_url(to, *args, **kwargs),
    ~~~~~~~~~~~^^^^^^^^^^^^^^^^^^^^^
  File "C:\Users\HP\OneDrive\Desktop\Github_Projects\airline_ticket_booking\env\Lib\site-packages\django\shortcuts.py", line 184, in resolve_url
    return reverse(to, args=args, kwargs=kwargs)
  File "C:\Users\HP\OneDrive\Desktop\Github_Projects\airline_ticket_booking\env\Lib\site-packages\django\urls\base.py", line 98, in reverse
    resolved_url = resolver._reverse_with_prefix(view, prefix, *args, **kwargs)
  File "C:\Users\HP\OneDrive\Desktop\Github_Projects\airline_ticket_booking\env\Lib\site-packages\django\urls\resolvers.py", line 842, in _reverse_with_prefix
    raise NoReverseMatch(msg)
django.urls.exceptions.NoReverseMatch: Reverse for 'booking-detail' not found. 'booking-detail' is not a valid view function or pattern name.
ERROR 2026-01-01 17:57:42,420 log 6896 12012 "GET /booking/1/pay/ HTTP/1.1" 500 94587
INFO 2026-01-01 17:58:09,160 autoreload 6896 6156 C:\Users\HP\OneDrive\Desktop\Github_Projects\airline_ticket_booking\airline\bookings\template_views.py changed, reloading.
INFO 2026-01-01 17:58:10,744 autoreload 16720 16200 Watching for file changes with StatReloader
INFO 2026-01-01 17:58:14,805 autoreload 16720 16200 C:\Users\HP\OneDrive\Desktop\Github_Projects\airline_ticket_booking\airline\bookings\template_views.py changed, reloading.
INFO 2026-01-01 17:58:16,788 autoreload 8508 12200 Watching for file changes with StatReloader
INFO 2026-01-01 17:58:26,272 autoreload 8508 12200 C:\Users\HP\OneDrive\Desktop\Github_Projects\airline_ticket_booking\airline\airline\urls.py changed, reloading.
INFO 2026-01-01 17:58:27,976 autoreload 16512 8532 Watching for file changes with StatReloader
INFO 2026-01-01 17:58:50,058 autoreload 3308 6292 Watching for file changes with StatReloader
INFO 2026-01-01 17:58:56,268 log 3308 1968 "GET / HTTP/1.1" 200 3995
WARNING 2026-01-01 17:58:58,370 log 3308 1968 Method Not Allowed (GET): /accounts/logout/
WARNING 2026-01-01 17:58:58,372 log 3308 1968 "GET /accounts/logout/ HTTP/1.1" 405 0
WARNING 2026-01-01 17:59:01,267 log 3308 4368 Method Not Allowed (GET): /accounts/logout/
WARNING 2026-01-01 17:59:01,269 log 3308 4368 "GET /accounts/logout/ HTTP/1.1" 405 0
INFO 2026-01-01 17:59:21,920 autoreload 3308 6292 C:\Users\HP\OneDrive\Desktop\Github_Projects\airline_ticket_booking\airline\airline\urls.py changed, reloading.
INFO 2026-01-01 17:59:23,229 autoreload 17076 16784 Watching for file changes with StatReloader
INFO 2026-01-01 17:59:38,650 autoreload 7108 1344 Watching for file changes with StatReloader
INFO 2026-01-01 17:59:42,466 log 7108 10428 "GET /accounts/logout/ HTTP/1.1" 302 0
INFO 2026-01-01 17:59:42,600 log 7108 10428 "GET / HTTP/1.1" 200 3613
INFO 2026-01-01 17:59:44,662 log 7108 10428 "GET /accounts/login/ HTTP/1.1" 200 2774
INFO 2026-01-01 17:59:51,943 log 7108 10428 "POST /accounts/login/ HTTP/1.1" 302 0
INFO 2026-01-01 17:59:52,034 log 7108 10428 "GET / HTTP/1.1" 200 3700
INFO 2026-01-01 18:00:01,035 log 7108 13192 "GET /accounts/logout/ HTTP/1.1" 302 0
INFO 2026-01-01 18:00:01,122 log 7108 13192 "GET / HTTP/1.1" 200 3613
INFO 2026-01-01 18:00:03,846 log 7108 13192 "GET /accounts/login/ HTTP/1.1" 200 2774
INFO 2026-01-01 18:00:09,890 log 7108 13192 "POST /accounts/login/ HTTP/1.1" 302 0
INFO 2026-01-01 18:00:09,988 log 7108 13192 "GET / HTTP/1.1" 200 3700
INFO 2026-01-01 18:00:13,241 log 7108 9588 "GET /flights/1/seats/ HTTP/1.1" 200 13302
INFO 2026-01-01 18:00:16,097 log 7108 9588 "GET /book/1/ HTTP/1.1" 200 4249
INFO 2026-01-01 18:00:32,347 log 7108 14024 "GET /flights/1/seats/ HTTP/1.1" 200 13302
INFO 2026-01-01 18:00:36,132 log 7108 14024 "GET /book/1/ HTTP/1.1" 200 4249
INFO 2026-01-01 18:00:41,587 services 7108 16980 Creating booking for seat 1 by user anmol
INFO 2026-01-01 18:00:41,606 services 7108 16980 Booking 422cbfb9-d540-4d18-b921-8e87b32c4c03 created successfully
ERROR 2026-01-01 18:00:41,609 template_views 7108 16980 Booking error: Reverse for 'booking-detail' not found. 'booking-detail' is not a valid view function or pattern name.
INFO 2026-01-01 18:00:41,618 log 7108 16980 "POST /book/1/ HTTP/1.1" 200 4869
INFO 2026-01-01 18:01:16,247 autoreload 7108 1344 C:\Users\HP\OneDrive\Desktop\Github_Projects\airline_ticket_booking\airline\bookings\template_views.py changed, reloading.
INFO 2026-01-01 18:01:17,879 autoreload 3520 14896 Watching for file changes with StatReloader
INFO 2026-01-01 18:01:29,262 autoreload 3520 14896 C:\Users\HP\OneDrive\Desktop\Github_Projects\airline_ticket_booking\airline\bookings\template_views.py changed, reloading.
INFO 2026-01-01 18:01:30,984 autoreload 16772 2116 Watching for file changes with StatReloader
INFO 2026-01-01 18:01:54,807 autoreload 17284 1048 Watching for file changes with StatReloader
INFO 2026-01-01 18:02:01,104 services 17284 9312 Creating booking for seat 1 by user anmol
INFO 2026-01-01 18:02:01,119 services 17284 9312 Booking fb9ce6ea-5b87-4b22-8946-c36df9ab060f created successfully
INFO 2026-01-01 18:02:01,136 log 17284 9312 "POST /book/1/ HTTP/1.1" 302 0
INFO 2026-01-01 18:02:01,293 log 17284 9312 "GET /booking/3/ HTTP/1.1" 200 4891
INFO 2026-01-01 18:02:04,880 log 17284 9312 "GET /accounts/logout/ HTTP/1.1" 302 0
INFO 2026-01-01 18:02:04,970 log 17284 9312 "GET / HTTP/1.1" 200 3613
INFO 2026-01-01 18:02:06,546 log 17284 9312 "GET /accounts/login/ HTTP/1.1" 200 2774
INFO 2026-01-01 18:02:13,787 log 17284 16028 "POST /accounts/login/ HTTP/1.1" 302 0
INFO 2026-01-01 18:02:13,963 log 17284 16028 "GET / HTTP/1.1" 200 3700
INFO 2026-01-01 18:02:16,973 log 17284 16028 "GET /flights/1/seats/ HTTP/1.1" 200 13302
INFO 2026-01-01 18:02:20,848 log 17284 16028 "GET /book/1/ HTTP/1.1" 200 4249
INFO 2026-01-01 18:02:26,753 services 17284 11228 Creating booking for seat 1 by user anmol
INFO 2026-01-01 18:02:26,772 services 17284 11228 Booking 05408def-b353-41fa-8138-e4de516c9193 created successfully
INFO 2026-01-01 18:02:26,775 log 17284 11228 "POST /book/1/ HTTP/1.1" 302 0
INFO 2026-01-01 18:02:26,901 log 17284 11228 "GET /booking/4/ HTTP/1.1" 200 4891
INFO 2026-01-01 18:03:58,725 autoreload 15564 16460 Watching for file changes with StatReloader
INFO 2026-01-01 18:04:04,634 log 15564 6652 "GET / HTTP/1.1" 200 3700
INFO 2026-01-01 18:04:06,187 log 15564 6652 "GET /flights/1/seats/ HTTP/1.1" 200 13302
INFO 2026-01-01 18:04:08,809 log 15564 6652 "GET /book/1/ HTTP/1.1" 200 4249
INFO 2026-01-01 18:04:12,978 log 15564 9376 "GET /accounts/logout/ HTTP/1.1" 302 0
INFO 2026-01-01 18:04:13,081 log 15564 9376 "GET / HTTP/1.1" 200 3613
INFO 2026-01-01 18:04:18,384 log 15564 9376 "GET / HTTP/1.1" 200 3613
INFO 2026-01-01 18:04:20,615 log 15564 9376 "GET /flights/1/seats/ HTTP/1.1" 200 13215
INFO 2026-01-01 18:04:23,370 log 15564 2308 "GET /book/1/ HTTP/1.1" 302 0
INFO 2026-01-01 18:04:23,388 log 15564 2308 "GET /accounts/login/?next=/book/1/ HTTP/1.1" 200 2774
INFO 2026-01-01 18:04:31,969 log 15564 2308 "POST /accounts/login/?next=/book/1/ HTTP/1.1" 302 0
INFO 2026-01-01 18:04:32,055 log 15564 2308 "GET /book/1/ HTTP/1.1" 200 4249
INFO 2026-01-01 18:04:40,766 services 15564 2308 Creating booking for seat 1 by user anmol
INFO 2026-01-01 18:04:40,778 services 15564 2308 Booking 8fe95c2e-6cfe-41f1-b238-6f73dfebff32 created successfully
INFO 2026-01-01 18:04:40,781 log 15564 2308 "POST /book/1/ HTTP/1.1" 302 0
INFO 2026-01-01 18:04:40,891 log 15564 2308 "GET /booking/5/ HTTP/1.1" 200 6327
INFO 2026-01-01 18:05:30,910 log 15564 12924 "GET /booking/5/pay/ HTTP/1.1" 302 0
INFO 2026-01-01 18:05:31,014 log 15564 12924 "GET /booking/5/ HTTP/1.1" 200 4694
INFO 2026-01-01 18:07:08,660 autoreload 15564 16460 C:\Users\HP\OneDrive\Desktop\Github_Projects\airline_ticket_booking\airline\bookings\template_views.py changed, reloading.
INFO 2026-01-01 18:07:10,279 autoreload 8604 9252 Watching for file changes with StatReloader
INFO 2026-01-01 18:07:15,515 autoreload 8604 9252 C:\Users\HP\OneDrive\Desktop\Github_Projects\airline_ticket_booking\airline\bookings\services.py changed, reloading.
INFO 2026-01-01 18:07:16,837 autoreload 9976 12068 Watching for file changes with StatReloader
INFO 2026-01-01 18:07:22,706 autoreload 9976 12068 C:\Users\HP\OneDrive\Desktop\Github_Projects\airline_ticket_booking\airline\bookings\template_views.py changed, reloading.
INFO 2026-01-01 18:07:25,086 autoreload 2800 12812 Watching for file changes with StatReloader
INFO 2026-01-01 18:08:02,411 autoreload 16172 15416 Watching for file changes with StatReloader
INFO 2026-01-01 18:08:06,459 basehttp 16172 5140 - Broken pipe from ('127.0.0.1', 50684)
INFO 2026-01-01 18:08:06,476 log 16172 8888 "GET / HTTP/1.1" 200 3700
INFO 2026-01-01 18:08:10,187 log 16172 8888 "GET /accounts/logout/ HTTP/1.1" 302 0
INFO 2026-01-01 18:08:10,369 log 16172 8888 "GET / HTTP/1.1" 200 3613
INFO 2026-01-01 18:08:13,853 log 16172 9364 "GET / HTTP/1.1" 200 3613
INFO 2026-01-01 18:08:17,400 log 16172 9364 "GET /flights/1/seats/ HTTP/1.1" 200 13215
INFO 2026-01-01 18:08:20,533 log 16172 9364 "GET /book/1/ HTTP/1.1" 302 0
INFO 2026-01-01 18:08:20,550 log 16172 9364 "GET /accounts/login/?next=/book/1/ HTTP/1.1" 200 2774
INFO 2026-01-01 18:08:28,829 log 16172 8116 "POST /accounts/login/?next=/book/1/ HTTP/1.1" 302 0
INFO 2026-01-01 18:08:28,931 log 16172 8116 "GET /book/1/ HTTP/1.1" 200 4249
INFO 2026-01-01 18:08:36,848 services 16172 16712 Creating booking for seat 1 by user anmol
INFO 2026-01-01 18:08:36,861 services 16172 16712 Booking 939fea04-7e5a-4c2a-8929-d5815a9ef3d3 created successfully
INFO 2026-01-01 18:08:36,864 log 16172 16712 "POST /book/1/ HTTP/1.1" 302 0
INFO 2026-01-01 18:08:37,003 log 16172 16712 "GET /booking/6/ HTTP/1.1" 200 6355
INFO 2026-01-01 18:08:46,450 log 16172 17168 "GET /my-bookings/ HTTP/1.1" 200 7693
INFO 2026-01-01 18:09:11,403 log 16172 2820 "GET /booking/6/pay/ HTTP/1.1" 302 0
INFO 2026-01-01 18:09:11,521 log 16172 2820 "GET /booking/6/ HTTP/1.1" 200 4755
INFO 2026-01-01 18:09:27,768 log 16172 11108 "GET /my-bookings/ HTTP/1.1" 200 7692
INFO 2026-01-01 18:13:59,271 autoreload 16836 11152 Watching for file changes with StatReloader
INFO 2026-01-01 18:14:02,368 log 16836 13228 "GET / HTTP/1.1" 200 3700
INFO 2026-01-01 18:14:04,669 log 16836 13228 "GET /accounts/logout/ HTTP/1.1" 302 0
INFO 2026-01-01 18:14:04,759 log 16836 13228 "GET / HTTP/1.1" 200 3613
INFO 2026-01-01 18:14:06,164 log 16836 13228 "GET /flights/1/seats/ HTTP/1.1" 200 13215
INFO 2026-01-01 18:14:09,957 log 16836 13228 "GET /book/1/ HTTP/1.1" 302 0
INFO 2026-01-01 18:14:09,973 log 16836 13228 "GET /accounts/login/?next=/book/1/ HTTP/1.1" 200 2774
INFO 2026-01-01 18:14:17,676 log 16836 6976 "POST /accounts/login/?next=/book/1/ HTTP/1.1" 302 0
INFO 2026-01-01 18:14:17,784 log 16836 6976 "GET /book/1/ HTTP/1.1" 200 4249
INFO 2026-01-01 18:14:27,416 services 16836 7188 Creating booking for seat 1 by user anmol
INFO 2026-01-01 18:14:27,433 services 16836 7188 Booking 3ea413c2-3978-4a9e-b648-9bc72bfd01f0 created successfully
INFO 2026-01-01 18:14:27,439 log 16836 7188 "POST /book/1/ HTTP/1.1" 302 0
INFO 2026-01-01 18:14:27,560 log 16836 7188 "GET /booking/7/ HTTP/1.1" 200 6355
INFO 2026-01-01 18:14:31,791 log 16836 7188 "GET /my-bookings/ HTTP/1.1" 200 8761
INFO 2026-01-01 18:14:45,770 template_views 16836 16624 Processing payment for booking 7 by user anmol
INFO 2026-01-01 18:14:45,786 template_views 16836 16624 Payment result for booking 7: True
INFO 2026-01-01 18:14:45,787 log 16836 16624 "GET /booking/7/pay/ HTTP/1.1" 302 0
INFO 2026-01-01 18:14:45,896 log 16836 16624 "GET /booking/7/ HTTP/1.1" 200 4987
INFO 2026-01-01 18:15:00,819 log 16836 8104 "GET /my-bookings/ HTTP/1.1" 200 8761
INFO 2026-01-01 18:15:05,839 log 16836 7368 "GET / HTTP/1.1" 200 3700
INFO 2026-01-01 18:15:07,700 log 16836 7368 "GET /flights/1/seats/ HTTP/1.1" 200 13230
INFO 2026-01-01 18:15:14,738 log 16836 16416 "GET /book/2/ HTTP/1.1" 200 4249
INFO 2026-01-01 18:15:27,529 log 16836 12536 "GET /my-bookings/ HTTP/1.1" 200 8761
INFO 2026-01-01 18:18:06,261 autoreload 1968 16616 Watching for file changes with StatReloader
INFO 2026-01-01 18:18:12,205 log 1968 2196 "GET / HTTP/1.1" 200 3700
INFO 2026-01-01 18:18:15,738 log 1968 1744 "GET /accounts/logout/ HTTP/1.1" 302 0
INFO 2026-01-01 18:18:15,939 log 1968 1744 "GET / HTTP/1.1" 200 3613
INFO 2026-01-01 18:18:17,610 log 1968 1744 "GET /flights/1/seats/ HTTP/1.1" 200 14113
INFO 2026-01-01 18:18:42,546 log 1968 8508 "GET /book/2/ HTTP/1.1" 302 0
INFO 2026-01-01 18:18:42,568 log 1968 8508 "GET /accounts/login/?next=/book/2/ HTTP/1.1" 200 2774
INFO 2026-01-01 18:18:50,022 log 1968 8508 "POST /accounts/login/?next=/book/2/ HTTP/1.1" 302 0
INFO 2026-01-01 18:18:50,117 log 1968 8508 "GET /book/2/ HTTP/1.1" 200 4249
INFO 2026-01-01 18:18:58,339 services 1968 8464 Creating booking for seat 2 by user anmol
INFO 2026-01-01 18:18:58,357 services 1968 8464 Booking 9b7302d5-81b9-4462-847a-7c1ba0211f74 created successfully
INFO 2026-01-01 18:18:58,361 log 1968 8464 "POST /book/2/ HTTP/1.1" 302 0
INFO 2026-01-01 18:18:58,480 log 1968 8464 "GET /booking/8/ HTTP/1.1" 200 6359
INFO 2026-01-01 18:19:05,508 log 1968 8044 "GET /booking/8/payment/ HTTP/1.1" 200 7365
INFO 2026-01-01 18:19:56,024 template_views 1968 5928 Processing payment for booking 8 by user anmol
INFO 2026-01-01 18:19:56,041 template_views 1968 5928 Payment result for booking 8: True
INFO 2026-01-01 18:19:56,042 log 1968 5928 "POST /booking/8/payment/ HTTP/1.1" 302 0
INFO 2026-01-01 18:19:56,139 log 1968 5928 "GET /booking/8/ HTTP/1.1" 200 4987
INFO 2026-01-01 18:20:13,559 log 1968 6560 "GET /booking/8/cancel/ HTTP/1.1" 302 0
INFO 2026-01-01 18:20:13,678 log 1968 6560 "GET /booking/8/ HTTP/1.1" 200 4942
INFO 2026-01-01 18:20:17,629 log 1968 6560 "GET /my-bookings/ HTTP/1.1" 200 9829
INFO 2026-01-01 18:21:02,453 log 1968 4148 "GET /booking/8/ HTTP/1.1" 200 4647
INFO 2026-01-01 18:21:04,817 log 1968 1656 "GET /my-bookings/ HTTP/1.1" 200 9829
INFO 2026-01-01 18:23:18,866 autoreload 1968 16616 C:\Users\HP\OneDrive\Desktop\Github_Projects\airline_ticket_booking\airline\bookings\template_views.py changed, reloading.
INFO 2026-01-01 18:23:20,769 autoreload 9540 17004 Watching for file changes with StatReloader
INFO 2026-01-01 18:23:24,960 autoreload 9540 17004 C:\Users\HP\OneDrive\Desktop\Github_Projects\airline_ticket_booking\airline\bookings\urls.py changed, reloading.
INFO 2026-01-01 18:23:27,018 autoreload 5304 4644 Watching for file changes with StatReloader
INFO 2026-01-01 18:23:30,112 autoreload 5304 4644 C:\Users\HP\OneDrive\Desktop\Github_Projects\airline_ticket_booking\airline\bookings\urls.py changed, reloading.
INFO 2026-01-01 18:23:32,090 autoreload 12912 2612 Watching for file changes with StatReloader
INFO 2026-01-01 18:25:08,124 autoreload 12912 2612 C:\Users\HP\OneDrive\Desktop\Github_Projects\airline_ticket_booking\airline\bookings\template_views.py changed, reloading.
INFO 2026-01-01 18:25:10,701 autoreload 16756 11220 Watching for file changes with StatReloader
INFO 2026-01-01 18:27:06,914 autoreload 16924 16336 Watching for file changes with StatReloader
INFO 2026-01-01 18:28:13,128 autoreload 16924 16336 C:\Users\HP\OneDrive\Desktop\Github_Projects\airline_ticket_booking\airline\bookings\template_views.py changed, reloading.
INFO 2026-01-01 18:28:14,600 autoreload 5788 9212 Watching for file changes with StatReloader
INFO 2026-01-01 18:28:49,427 autoreload 656 7956 Watching for file changes with StatReloader
INFO 2026-01-01 18:28:55,773 basehttp 656 4128 - Broken pipe from ('127.0.0.1', 51966)
INFO 2026-01-01 18:28:56,511 log 656 5228 "GET / HTTP/1.1" 200 3767
INFO 2026-01-01 18:29:21,976 log 656 1136 "GET /my-bookings/ HTTP/1.1" 200 9896
INFO 2026-01-01 18:29:27,226 log 656 7188 "GET /accounts/logout/ HTTP/1.1" 302 0
INFO 2026-01-01 18:29:27,308 log 656 7188 "GET / HTTP/1.1" 200 3695
INFO 2026-01-01 18:29:28,631 log 656 7188 "GET /accounts/login/ HTTP/1.1" 200 2852
INFO 2026-01-01 18:29:35,894 log 656 10428 "POST /accounts/login/ HTTP/1.1" 200 3181
INFO 2026-01-01 18:30:08,748 log 656 9424 "GET /accounts/login/ HTTP/1.1" 200 2852
INFO 2026-01-01 18:30:09,563 log 656 9424 "GET /accounts/register/ HTTP/1.1" 200 3123
INFO 2026-01-01 18:30:18,850 autoreload 656 7956 C:\Users\HP\OneDrive\Desktop\Github_Projects\airline_ticket_booking\airline\airline\urls.py changed, reloading.
INFO 2026-01-01 18:30:21,118 autoreload 10968 17324 Watching for file changes with StatReloader
INFO 2026-01-01 18:30:29,760 log 10968 14700 "POST /accounts/register/ HTTP/1.1" 302 0
INFO 2026-01-01 18:30:29,904 log 10968 14700 "GET / HTTP/1.1" 200 4066
INFO 2026-01-01 18:30:35,487 log 10968 16068 "GET /my-bookings/ HTTP/1.1" 200 1673
INFO 2026-01-01 18:30:38,291 log 10968 16068 "GET / HTTP/1.1" 200 3758
INFO 2026-01-01 18:30:39,796 log 10968 16068 "GET /flights/1/seats/ HTTP/1.1" 200 14050
INFO 2026-01-01 18:30:54,100 log 10968 15748 "GET /book/3/ HTTP/1.1" 200 4307
INFO 2026-01-01 18:31:22,766 log 10968 9628 "GET /book/3/ HTTP/1.1" 200 4307
INFO 2026-01-01 18:37:35,403 autoreload 10968 17324 C:\Users\HP\OneDrive\Desktop\Github_Projects\airline_ticket_booking\airline\bookings\services.py changed, reloading.
INFO 2026-01-01 18:37:37,104 autoreload 7268 12492 Watching for file changes with StatReloader
INFO 2026-01-01 18:37:59,178 autoreload 7268 12492 C:\Users\HP\OneDrive\Desktop\Github_Projects\airline_ticket_booking\airline\bookings\template_views.py changed, reloading.
INFO 2026-01-01 18:38:00,435 autoreload 17372 12820 Watching for file changes with StatReloader
INFO 2026-01-01 18:38:52,857 autoreload 12884 2464 Watching for file changes with StatReloader
INFO 2026-01-01 18:38:59,658 log 12884 16636 "GET / HTTP/1.1" 200 3758
INFO 2026-01-01 18:39:02,928 log 12884 16636 "GET /accounts/logout/ HTTP/1.1" 302 0
INFO 2026-01-01 18:39:03,016 log 12884 16636 "GET / HTTP/1.1" 200 3695
INFO 2026-01-01 18:39:04,510 log 12884 15084 "GET /accounts/login/ HTTP/1.1" 200 2852
INFO 2026-01-01 18:39:11,099 log 12884 15084 "POST /accounts/login/ HTTP/1.1" 302 0
INFO 2026-01-01 18:39:11,191 log 12884 15084 "GET / HTTP/1.1" 200 3758
INFO 2026-01-01 18:39:15,291 log 12884 7876 "GET /flights/1/seats/ HTTP/1.1" 200 15310
INFO 2026-01-01 18:39:32,476 log 12884 8412 "GET /book/3/ HTTP/1.1" 200 4307
INFO 2026-01-01 18:39:40,401 services 12884 9504 Creating booking for seat 3 by user asdf
INFO 2026-01-01 18:39:40,426 services 12884 9504 Booking 5549ccc6-364f-45c8-99ff-8598dccf263b created successfully
INFO 2026-01-01 18:39:40,445 log 12884 9504 "POST /book/3/ HTTP/1.1" 302 0
INFO 2026-01-01 18:39:40,632 log 12884 9504 "GET /booking/9/ HTTP/1.1" 200 6417
INFO 2026-01-01 18:39:45,457 log 12884 10168 "GET /my-bookings/ HTTP/1.1" 200 2408
INFO 2026-01-01 18:39:48,171 log 12884 10168 "GET /booking/9/ HTTP/1.1" 200 6090
INFO 2026-01-01 18:39:50,824 log 12884 10168 "GET / HTTP/1.1" 200 3758
INFO 2026-01-01 18:39:54,878 log 12884 6832 "GET /flights/1/seats/ HTTP/1.1" 200 15234
INFO 2026-01-01 18:41:56,359 log 12884 9556 "GET /my-bookings/ HTTP/1.1" 200 2408
INFO 2026-01-01 18:41:57,985 log 12884 9556 "GET /booking/9/ HTTP/1.1" 200 6090
INFO 2026-01-01 18:42:00,508 log 12884 16628 "GET /booking/9/payment/ HTTP/1.1" 200 7423
INFO 2026-01-01 18:42:25,979 template_views 12884 16628 Processing payment for booking 9 by user asdf
INFO 2026-01-01 18:42:25,989 template_views 12884 16628 Payment result for booking 9: False
INFO 2026-01-01 18:42:25,990 log 12884 16628 "POST /booking/9/payment/ HTTP/1.1" 302 0
INFO 2026-01-01 18:42:26,107 log 12884 16628 "GET /booking/9/ HTTP/1.1" 200 4834
INFO 2026-01-01 18:42:44,994 log 12884 16628 "GET /my-bookings/ HTTP/1.1" 200 2407
INFO 2026-01-01 18:42:46,709 log 12884 16628 "GET /booking/9/ HTTP/1.1" 200 4520
INFO 2026-01-01 18:42:58,498 log 12884 16628 "GET /my-bookings/ HTTP/1.1" 200 2407
INFO 2026-01-01 18:42:59,415 log 12884 16628 "GET /accounts/logout/ HTTP/1.1" 302 0
INFO 2026-01-01 18:42:59,497 log 12884 16628 "GET / HTTP/1.1" 200 3695
INFO 2026-01-01 18:43:00,836 log 12884 16628 "GET /accounts/login/ HTTP/1.1" 200 2852
INFO 2026-01-01 18:43:09,599 log 12884 16628 "POST /accounts/login/ HTTP/1.1" 302 0
INFO 2026-01-01 18:43:09,705 log 12884 16628 "GET / HTTP/1.1" 200 3767
INFO 2026-01-01 18:43:19,393 log 12884 16628 "GET /flights/1/seats/ HTTP/1.1" 200 15319
INFO 2026-01-01 18:43:30,347 log 12884 16628 "GET /book/3/ HTTP/1.1" 200 4316
INFO 2026-01-01 18:43:36,450 log 12884 15368 "GET /my-bookings/ HTTP/1.1" 200 9896
INFO 2026-01-01 18:43:53,085 log 12884 15368 "GET /my-bookings/ HTTP/1.1" 200 9896
INFO 2026-01-01 18:45:13,949 autoreload 12884 2464 C:\Users\HP\OneDrive\Desktop\Github_Projects\airline_ticket_booking\airline\bookings\services.py changed, reloading.
INFO 2026-01-01 18:45:15,800 autoreload 17348 13404 Watching for file changes with StatReloader
INFO 2026-01-01 18:47:40,064 autoreload 17348 13404 C:\Users\HP\OneDrive\Desktop\Github_Projects\airline_ticket_booking\airline\bookings\template_views.py changed, reloading.
INFO 2026-01-01 18:47:41,832 autoreload 1828 12764 Watching for file changes with StatReloader
INFO 2026-01-01 18:49:07,322 autoreload 1828 12764 C:\Users\HP\OneDrive\Desktop\Github_Projects\airline_ticket_booking\airline\bookings\urls.py changed, reloading.
INFO 2026-01-01 18:49:09,912 autoreload 7880 8840 Watching for file changes with StatReloader
INFO 2026-01-01 18:49:13,871 autoreload 7880 8840 C:\Users\HP\OneDrive\Desktop\Github_Projects\airline_ticket_booking\airline\bookings\urls.py changed, reloading.
INFO 2026-01-01 18:49:16,650 autoreload 11832 16672 Watching for file changes with StatReloader
INFO 2026-01-01 18:49:58,193 autoreload 4148 16052 Watching for file changes with StatReloader
INFO 2026-01-01 18:50:06,403 log 4148 9604 "GET / HTTP/1.1" 200 3926
INFO 2026-01-01 18:50:24,248 log 4148 8780 "GET /accounts/logout/ HTTP/1.1" 302 0
INFO 2026-01-01 18:50:27,098 log 4148 10728 "GET / HTTP/1.1" 200 3695
INFO 2026-01-01 18:51:05,744 log 4148 13572 "GET /accounts/login/ HTTP/1.1" 200 2852
INFO 2026-01-01 18:51:17,639 basehttp 4148 8608 - Broken pipe from ('127.0.0.1', 53418)
INFO 2026-01-01 18:51:18,726 log 4148 1900 "POST /accounts/login/ HTTP/1.1" 302 0
WARNING 2026-01-01 18:51:31,882 log 4148 13636 Forbidden (CSRF token from POST incorrect.): /accounts/login/
INFO 2026-01-01 18:52:01,237 autoreload 4148 16052 C:\Users\HP\OneDrive\Desktop\Github_Projects\airline_ticket_booking\airline\bookings\template_views.py changed, reloading.
INFO 2026-01-01 18:52:50,257 autoreload 4772 12244 Watching for file changes with StatReloader
INFO 2026-01-01 18:53:41,154 autoreload 1360 4172 Watching for file changes with StatReloader
INFO 2026-01-01 18:53:47,608 log 1360 3816 "GET / HTTP/1.1" 200 3926
INFO 2026-01-01 18:53:49,938 log 1360 14012 "GET /accounts/logout/ HTTP/1.1" 302 0
INFO 2026-01-01 18:53:50,026 log 1360 14012 "GET / HTTP/1.1" 200 3695
INFO 2026-01-01 18:53:51,639 log 1360 14024 "GET /accounts/login/ HTTP/1.1" 200 2852
INFO 2026-01-01 18:54:01,447 log 1360 14024 "POST /accounts/login/ HTTP/1.1" 302 0
INFO 2026-01-01 18:54:01,551 log 1360 14024 "GET / HTTP/1.1" 200 3926
INFO 2026-01-01 18:54:04,913 log 1360 14024 "GET /admin-dashboard/ HTTP/1.1" 200 3712
INFO 2026-01-01 18:54:18,110 log 1360 14024 "GET / HTTP/1.1" 200 3926
INFO 2026-01-01 18:54:19,750 log 1360 14024 "GET /my-bookings/ HTTP/1.1" 200 11060
INFO 2026-01-01 18:54:31,355 log 1360 14024 "GET /admin-dashboard/ HTTP/1.1" 200 3712
INFO 2026-01-01 18:54:35,364 log 1360 14024 "GET /my-bookings/ HTTP/1.1" 200 11060
INFO 2026-01-01 18:54:40,471 log 1360 14024 "GET /admin-dashboard/ HTTP/1.1" 200 3712
WARNING 2026-01-01 18:54:42,289 log 1360 14024 Not Found: /admin/flights/
WARNING 2026-01-01 18:54:42,290 log 1360 14024 "GET /admin/flights/ HTTP/1.1" 404 5420
WARNING 2026-01-01 18:54:45,861 log 1360 14024 Not Found: /admin/flights/add/
WARNING 2026-01-01 18:54:45,862 log 1360 14024 "GET /admin/flights/add/ HTTP/1.1" 404 5432
WARNING 2026-01-01 18:54:48,587 log 1360 14024 Not Found: /admin/refunds/
WARNING 2026-01-01 18:54:48,588 log 1360 14024 "GET /admin/refunds/ HTTP/1.1" 404 5420
INFO 2026-01-01 18:54:51,338 log 1360 14024 "GET /my-bookings/ HTTP/1.1" 200 11060
INFO 2026-01-01 18:57:03,143 autoreload 7896 12748 Watching for file changes with StatReloader
INFO 2026-01-01 18:57:08,556 log 7896 16664 "GET / HTTP/1.1" 200 3926
INFO 2026-01-01 18:57:11,728 log 7896 16664 "GET /admin-dashboard/ HTTP/1.1" 200 3712
INFO 2026-01-01 18:57:13,390 log 7896 16664 "GET /admin-flights/ HTTP/1.1" 200 4285
INFO 2026-01-01 18:57:15,697 log 7896 16664 "GET /flights/2/seats/ HTTP/1.1" 200 15649
INFO 2026-01-01 18:57:22,150 log 7896 11832 "GET /admin-flights-add/ HTTP/1.1" 200 5160
INFO 2026-01-01 18:57:27,894 log 7896 6524 "GET /admin-flights-add/ HTTP/1.1" 200 5160
INFO 2026-01-01 18:57:32,799 log 7896 6524 "GET /admin-flights/ HTTP/1.1" 200 4285
INFO 2026-01-01 18:57:43,063 log 7896 2756 "GET /flights/2/seats/ HTTP/1.1" 200 15649
INFO 2026-01-01 18:57:59,050 log 7896 7804 "GET / HTTP/1.1" 200 3926
INFO 2026-01-01 18:58:00,239 log 7896 7804 "GET /admin-dashboard/ HTTP/1.1" 200 3712
INFO 2026-01-01 18:58:02,001 log 7896 7804 "GET /admin-refunds/ HTTP/1.1" 200 6795
INFO 2026-01-01 18:58:07,666 log 7896 7804 "GET /booking/1/ HTTP/1.1" 200 4909
INFO 2026-01-01 18:58:10,527 log 7896 7804 "GET /booking/1/refund/ HTTP/1.1" 302 0
INFO 2026-01-01 18:58:10,618 log 7896 7804 "GET /booking/1/ HTTP/1.1" 200 4976
INFO 2026-01-01 18:58:15,122 log 7896 17308 "GET /my-bookings/ HTTP/1.1" 200 11041
INFO 2026-01-01 18:58:16,745 log 7896 17308 "GET /my-bookings/ HTTP/1.1" 200 11041
INFO 2026-01-01 18:58:19,147 log 7896 17308 "GET /my-bookings/ HTTP/1.1" 200 11041
INFO 2026-01-01 18:58:23,702 log 7896 3548 "GET /my-bookings/ HTTP/1.1" 200 11041
INFO 2026-01-01 18:58:25,543 log 7896 3548 "GET /admin-dashboard/ HTTP/1.1" 200 3712
INFO 2026-01-01 18:58:26,971 log 7896 3548 "GET /admin-refunds/ HTTP/1.1" 200 5902
INFO 2026-01-01 18:58:34,458 log 7896 15160 "GET /booking/9/refund/ HTTP/1.1" 302 0
INFO 2026-01-01 18:58:34,564 log 7896 15160 "GET /booking/9/ HTTP/1.1" 200 4976
INFO 2026-01-01 18:58:37,157 log 7896 15160 "GET /my-bookings/ HTTP/1.1" 200 11022
INFO 2026-01-01 18:58:40,785 log 7896 15160 "GET /admin-dashboard/ HTTP/1.1" 200 3712
INFO 2026-01-01 18:58:42,084 log 7896 7260 "GET /admin-refunds/ HTTP/1.1" 200 5009
INFO 2026-01-01 18:58:43,194 log 7896 7260 "GET /booking/6/refund/ HTTP/1.1" 302 0
INFO 2026-01-01 18:58:43,289 log 7896 7260 "GET /booking/6/ HTTP/1.1" 200 4976
INFO 2026-01-01 18:58:47,741 log 7896 7260 "GET /booking/6/refund/ HTTP/1.1" 302 0
INFO 2026-01-01 18:58:47,847 log 7896 7260 "GET /booking/6/ HTTP/1.1" 200 4935
INFO 2026-01-01 18:58:51,816 log 7896 9664 "GET /booking/5/refund/ HTTP/1.1" 302 0
INFO 2026-01-01 18:58:51,911 log 7896 9664 "GET /booking/5/ HTTP/1.1" 200 4976
INFO 2026-01-01 18:58:54,047 log 7896 9664 "GET /my-bookings/ HTTP/1.1" 200 10984
INFO 2026-01-01 18:58:55,592 log 7896 9664 "GET /admin-dashboard/ HTTP/1.1" 200 3712
INFO 2026-01-01 18:58:57,037 log 7896 9664 "GET /admin-refunds/ HTTP/1.1" 200 3223
INFO 2026-01-01 18:58:59,168 log 7896 9664 "GET /booking/8/refund/ HTTP/1.1" 302 0
INFO 2026-01-01 18:58:59,268 log 7896 9664 "GET /booking/8/ HTTP/1.1" 200 5182
INFO 2026-01-01 18:59:01,566 log 7896 14700 "GET /my-bookings/ HTTP/1.1" 200 10965
INFO 2026-01-01 18:59:03,392 log 7896 14700 "GET /admin-dashboard/ HTTP/1.1" 200 3712
INFO 2026-01-01 18:59:04,874 log 7896 14700 "GET /admin-refunds/ HTTP/1.1" 200 2500
INFO 2026-01-01 18:59:07,275 log 7896 14700 "GET /admin-dashboard/ HTTP/1.1" 200 3712
INFO 2026-01-01 18:59:08,896 log 7896 14700 "GET /my-bookings/ HTTP/1.1" 200 10965
INFO 2026-01-01 19:06:40,715 autoreload 10008 3020 Watching for file changes with StatReloader
INFO 2026-01-01 19:06:47,353 log 10008 14056 "GET / HTTP/1.1" 200 4694
INFO 2026-01-01 19:06:53,143 log 10008 16652 "GET /accounts/logout/ HTTP/1.1" 302 0
INFO 2026-01-01 19:06:53,232 log 10008 16652 "GET / HTTP/1.1" 200 4463
INFO 2026-01-01 19:07:14,338 log 10008 15468 "GET /?search=aa101 HTTP/1.1" 200 3105
INFO 2026-01-01 19:07:16,241 log 10008 15468 "GET /?search=aa101 HTTP/1.1" 200 3105
INFO 2026-01-01 19:07:22,741 log 10008 13192 "GET /?search=new HTTP/1.1" 200 3103
INFO 2026-01-01 19:07:28,214 log 10008 13192 "GET /?search= HTTP/1.1" 200 4463
INFO 2026-01-01 19:07:32,758 log 10008 4924 "GET /?search=202 HTTP/1.1" 200 3096
INFO 2026-01-01 19:08:33,879 log 10008 13400 "GET / HTTP/1.1" 200 4463
INFO 2026-01-01 19:08:35,864 autoreload 10008 3020 C:\Users\HP\OneDrive\Desktop\Github_Projects\airline_ticket_booking\airline\bookings\template_views.py changed, reloading.
INFO 2026-01-01 19:08:37,544 autoreload 14888 4700 Watching for file changes with StatReloader
INFO 2026-01-01 19:08:52,879 log 14888 17300 "GET /flights/1/seats/ HTTP/1.1" 200 15247
INFO 2026-01-01 19:08:58,800 log 14888 17300 "GET /accounts/register/ HTTP/1.1" 200 3928
INFO 2026-01-01 19:09:23,554 log 14888 15340 "POST /accounts/register/ HTTP/1.1" 200 4214
INFO 2026-01-01 19:09:48,346 log 14888 16932 "POST /accounts/register/ HTTP/1.1" 302 0
INFO 2026-01-01 19:09:48,455 log 14888 16932 "GET / HTTP/1.1" 200 7628
INFO 2026-01-01 19:10:11,849 log 14888 12900 "GET /?origin=new HTTP/1.1" 200 5828
INFO 2026-01-01 19:10:15,513 log 14888 7956 "GET /? HTTP/1.1" 200 7320
INFO 2026-01-01 19:10:16,458 log 14888 7956 "GET /? HTTP/1.1" 200 7320
INFO 2026-01-01 19:10:24,980 log 14888 7080 "GET /?origin=new HTTP/1.1" 200 5828
INFO 2026-01-01 19:10:29,123 log 14888 7080 "GET /? HTTP/1.1" 200 7320
INFO 2026-01-01 19:10:32,037 log 14888 7080 "GET /?origin=new+ HTTP/1.1" 200 5829
INFO 2026-01-01 19:10:33,683 log 14888 7080 "GET /?origin=new+york HTTP/1.1" 200 5833
INFO 2026-01-01 19:10:38,811 log 14888 7080 "GET /?origin=new+york&destination=los HTTP/1.1" 200 5836
INFO 2026-01-01 19:10:40,638 log 14888 7080 "GET /?origin=new+york HTTP/1.1" 200 5833
INFO 2026-01-01 19:10:42,126 log 14888 2808 "GET /?origin=new+york&destination=delhi HTTP/1.1" 200 4549
INFO 2026-01-01 19:10:45,491 log 14888 2808 "GET /?origin=new+york HTTP/1.1" 200 5833
INFO 2026-01-01 19:10:46,963 log 14888 2808 "GET /?origin=new+york&destination=los HTTP/1.1" 200 5836
INFO 2026-01-01 19:10:53,914 log 14888 7908 "GET /?origin=new+york&destination=los&date=2026-01-02 HTTP/1.1" 200 4557
INFO 2026-01-01 19:10:57,608 log 14888 7908 "GET /?origin=new+york&destination=los&date=2026-01-08 HTTP/1.1" 200 5846
INFO 2026-01-01 19:11:02,049 log 14888 7908 "GET /?origin=new+york&destination=los&date=2026-01-09 HTTP/1.1" 200 4557
INFO 2026-01-01 19:11:04,034 log 14888 13628 "GET /? HTTP/1.1" 200 7320
INFO 2026-01-01 19:11:07,518 log 14888 13628 "GET /flights/1/seats/ HTTP/1.1" 200 15332
INFO 2026-01-01 19:11:16,779 log 14888 9680 "GET / HTTP/1.1" 200 7320
INFO 2026-01-01 19:11:17,637 log 14888 9680 "GET / HTTP/1.1" 200 7320
INFO 2026-01-01 19:12:09,515 autoreload 14888 4700 C:\Users\HP\OneDrive\Desktop\Github_Projects\airline_ticket_booking\airline\bookings\urls.py changed, reloading.
INFO 2026-01-01 19:12:11,552 autoreload 12332 5276 Watching for file changes with StatReloader
INFO 2026-01-01 19:12:14,734 autoreload 12332 5276 C:\Users\HP\OneDrive\Desktop\Github_Projects\airline_ticket_booking\airline\bookings\urls.py changed, reloading.
INFO 2026-01-01 19:12:16,303 autoreload 15708 7852 Watching for file changes with StatReloader
INFO 2026-01-01 19:13:25,933 autoreload 15436 10584 Watching for file changes with StatReloader
INFO 2026-01-01 19:13:31,986 basehttp 15436 8672 - Broken pipe from ('127.0.0.1', 54883)
INFO 2026-01-01 19:13:31,992 log 15436 14304 "GET / HTTP/1.1" 200 10363
INFO 2026-01-01 19:13:35,612 log 15436 7512 "GET /accounts/logout/ HTTP/1.1" 302 0
INFO 2026-01-01 19:13:35,711 log 15436 7512 "GET / HTTP/1.1" 200 10278
INFO 2026-01-01 19:14:46,623 log 15436 8768 "GET /flights/1/seats/ HTTP/1.1" 200 15247
INFO 2026-01-01 19:15:45,646 log 15436 9408 "GET /accounts/login/ HTTP/1.1" 200 2852
INFO 2026-01-01 19:15:53,317 log 15436 9408 "POST /accounts/login/ HTTP/1.1" 302 0
INFO 2026-01-01 19:15:53,464 log 15436 9408 "GET / HTTP/1.1" 200 11001
INFO 2026-01-01 19:15:56,743 autoreload 15436 10584 C:\Users\HP\OneDrive\Desktop\Github_Projects\airline_ticket_booking\airline\bookings\template_views.py changed, reloading.
INFO 2026-01-01 19:15:58,571 autoreload 8252 12868 Watching for file changes with StatReloader
INFO 2026-01-01 19:16:03,587 log 8252 15532 "GET /?origin=a HTTP/1.1" 200 9508
INFO 2026-01-01 19:16:05,114 log 8252 15532 "GET /? HTTP/1.1" 200 11009
INFO 2026-01-01 19:16:06,786 log 8252 15532 "GET /api/cities/?q=ne&field=origin HTTP/1.1" 200 29
INFO 2026-01-01 19:16:06,982 log 8252 15532 "GET /?origin=ne HTTP/1.1" 200 9781
INFO 2026-01-01 19:16:10,484 log 8252 15532 "GET /? HTTP/1.1" 200 11274
INFO 2026-01-01 19:16:11,806 log 8252 15532 "GET /api/cities/?q=new&field=origin HTTP/1.1" 200 29
INFO 2026-01-01 19:16:11,978 log 8252 15532 "GET /?origin=new HTTP/1.1" 200 9782
INFO 2026-01-01 19:16:12,716 log 8252 3340 "GET /?origin=New+York HTTP/1.1" 200 9787
INFO 2026-01-01 19:16:16,199 autoreload 8252 12868 C:\Users\HP\OneDrive\Desktop\Github_Projects\airline_ticket_booking\airline\bookings\template_views.py changed, reloading.
INFO 2026-01-01 19:16:18,064 autoreload 4540 16972 Watching for file changes with StatReloader
INFO 2026-01-01 19:16:18,834 log 4540 1276 "GET /?origin=New+York HTTP/1.1" 200 9787
INFO 2026-01-01 19:16:20,944 log 4540 1276 "GET /api/cities/?q=Del&field=destination HTTP/1.1" 200 19
INFO 2026-01-01 19:16:21,152 log 4540 1276 "GET /?origin=New+York&destination=Del HTTP/1.1" 200 8501
INFO 2026-01-01 19:16:22,450 log 4540 1276 "GET /api/cities/?q=De&field=destination HTTP/1.1" 200 19
INFO 2026-01-01 19:16:23,227 log 4540 4528 "GET /?origin=New+York HTTP/1.1" 200 9787
INFO 2026-01-01 19:16:24,051 log 4540 4528 "GET /api/cities/?q=LO&field=destination HTTP/1.1" 200 32
INFO 2026-01-01 19:16:24,387 log 4540 4528 "GET /api/cities/?q=LOs&field=destination HTTP/1.1" 200 32
INFO 2026-01-01 19:16:24,624 log 4540 4528 "GET /?origin=New+York&destination=LOs HTTP/1.1" 200 9790
INFO 2026-01-01 19:16:25,713 log 4540 4528 "GET /?origin=New+York&destination=Los+Angeles HTTP/1.1" 200 9798
INFO 2026-01-01 19:17:00,949 log 4540 13324 "GET /?origin=New+York&destination=Los+Angeles&date=2026-01-01 HTTP/1.1" 200 8519
INFO 2026-01-01 19:17:02,611 log 4540 13324 "GET /?origin=New+York&destination=Los+Angeles&date=2026-01-02 HTTP/1.1" 200 8519
INFO 2026-01-01 19:17:06,374 log 4540 13324 "GET /?origin=New+York&destination=Los+Angeles&date=2026-01-08 HTTP/1.1" 200 9808
INFO 2026-01-01 19:18:36,971 autoreload 4540 16972 C:\Users\HP\OneDrive\Desktop\Github_Projects\airline_ticket_booking\airline\bookings\api_autocomplete.py changed, reloading.
INFO 2026-01-01 19:18:39,708 autoreload 15224 9392 Watching for file changes with StatReloader
